PUT concurrent-key value-9 1740592846380378000 1740592846 408931614 0
PUT concurrent-key value-2 1740592846380502000 1740592846 1207751909 0
PUT concurrent-key value-4 1740592846380543000 1740592846 1864328347 0
PUT concurrent-key value-6 1740592846380605000 1740592846 1211945874 0
PUT concurrent-key value-7 1740592846380630000 1740592846 2998977808 0
PUT concurrent-key value-0 1740592846380650000 1740592846 3788297796 0
PUT quorum-key quorum-value 1740593247267962000 1740593247 566732270 0
PUT sync-key sync-value 1740593248781225000 1740593248 2941243981 0
PUT sync-key new-value 1740593248781408000 1740593248 1594366716 0
PUT quorum-key quorum-value 1740599167193968000 1740599167 3373003636 0
PUT concurrent-key value-9 1740599169200075000 1740599169 2731095092 0
PUT concurrent-key value-0 1740599169200119000 1740599169 92229940 0
PUT concurrent-key value-1 1740599169200284000 1740599169 3791802244 0
PUT concurrent-key value-3 1740599169200587000 1740599169 1142461702 0
PUT concurrent-key value-8 1740599272325482000 1740599272 4247143554 0
PUT sync-key sync-value 1740599272331465000 1740599272 3987825661 0
PUT sync-key new-value 1740599272331860000 1740599272 1125631569 0
PUT sync-key sync-value 1740599337040442000 1740599337 645436427 0
PUT sync-key new-value 1740599337040688000 1740599337 346615801 0
PUT quorum-key quorum-value 1740601582877752000 1740601582 3187915855 0
PUT concurrent-key value-7 1740601602665238000 1740601602 3177049101 0
PUT concurrent-key value-3 1740601602665364000 1740601602 3179003196 0
PUT concurrent-key value-8 1740601602665398000 1740601602 2048540521 0
PUT concurrent-key value-1 1740601602665460000 1740601602 243988554 0
PUT concurrent-key value-6 1740601602665523000 1740601602 1927297044 0
PUT concurrent-key value-2 1740601602665580000 1740601602 3598248097 0
PUT quorum-key quorum-value 1740602618621405000 1740602618 1907065481 0
PUT sync-key sync-value 1740602620632355000 1740602620 1551200963 0
PUT sync-key new-value 1740602620632432000 1740602620 4018454504 0
