PUT concurrent-key value-4 1740590238820813000 1740590238 3127157239 0
PUT concurrent-key value-0 1740590238820833000 1740590238 3586424953 0
PUT concurrent-key value-2 1740590238820870000 1740590238 872811931 0
PUT concurrent-key value-5 1740590238820892000 1740590238 1590762996 0
PUT concurrent-key value-7 1740590238820940000 1740590238 2383850876 0
PUT concurrent-key value-9 1740592846380378000 1740592846 408931614 0
PUT concurrent-key value-3 1740592846380485000 1740592846 1004322136 0
PUT concurrent-key value-2 1740592846380502000 1740592846 1207751909 0
PUT concurrent-key value-4 1740592846380543000 1740592846 1864328347 0
PUT concurrent-key value-8 1740592846380563000 1740592846 768077901 0
PUT concurrent-key value-6 1740592846380605000 1740592846 1211945874 0
PUT concurrent-key value-7 1740592846380630000 1740592846 2998977808 0
PUT concurrent-key value-0 1740592846380650000 1740592846 3788297796 0
PUT sync-key sync-value 1740592846383202000 1740592846 2366009834 0
PUT sync-key new-value 1740592846383261000 1740592846 1055273699 0
PUT sync-key sync-value 1740593248781225000 1740593248 2941243981 0
PUT sync-key new-value 1740593248781408000 1740593248 1594366716 0
PUT quorum-key quorum-value 1740598504281309000 1740598504 1818629594 0
PUT sync-key sync-value 1740598506301804000 1740598506 1212993988 0
PUT sync-key new-value 1740598506301955000 1740598506 2903941334 0
PUT quorum-key quorum-value 1740599167193968000 1740599167 3373003636 0
PUT quorum-key quorum-value 1740599270319846000 1740599270 3527713327 0
PUT quorum-key quorum-value 1740599270319846000 1740599270 3527713327 0
PUT concurrent-key value-9 1740599272325263000 1740599272 33860904 0
PUT concurrent-key value-8 1740599272325482000 1740599272 4247143554 0
PUT sync-key sync-value 1740599272331465000 1740599272 3987825661 0
PUT sync-key new-value 1740599272331860000 1740599272 1125631569 0
PUT quorum-key quorum-value 1740601469029455000 1740601469 2469668816 0
PUT concurrent-key value-1 1740601471033948000 1740601471 4114242078 0
PUT concurrent-key value-2 1740601471033963000 1740601471 2445768169 0
PUT quorum-key quorum-value 1740601582877752000 1740601582 3187915855 0
PUT sync-key sync-value 1740601602674378000 1740601602 985747370 0
PUT sync-key new-value 1740601602674475000 1740601602 2890354849 0
