PUT test-key test-value 0 1740589589 864632779 0
PUT quorum-key quorum-value 0 1740589589 3695079311 0
PUT concurrent-key value-1 1740589589867849000 1740589589 2940182455 0
PUT concurrent-key value-5 1740589589867860000 1740589589 3215822201 0
PUT concurrent-key value-8 1740589589867868000 1740589589 1629028977 0
PUT concurrent-key value-9 1740589589867856000 1740589589 4094517061 0
PUT concurrent-key value-2 1740589589867863000 1740589589 3183789455 0
PUT concurrent-key value-0 1740589589867856000 1740589589 4025036938 0
PUT concurrent-key value-3 1740589589867866000 1740589589 1192069488 0
PUT concurrent-key value-6 1740589589867862000 1740589589 1669084647 0
PUT concurrent-key value-7 1740589589867865000 1740589589 96096376 0
PUT concurrent-key value-4 1740589589867869000 1740589589 788728209 0
PUT key-0 value-0 0 1740589589 3051557799 0
PUT key-1 value-1 0 1740589589 2500775273 0
PUT key-2 value-2 0 1740589589 3957640767 0
PUT key-3 value-3 0 1740589589 786496517 0
PUT key-4 value-4 0 1740589589 3811166431 0
PUT sync-key sync-value 0 1740589589 1573757191 0
PUT sync-key new-value 0 1740589589 2781811440 0
PUT test-key test-value 1740590197409693000 1740590197 1954326411 0
PUT quorum-key quorum-value 1740590197412126000 1740590197 2733481810 0
PUT concurrent-key value-9 1740590197413860000 1740590197 2423754976 0
PUT concurrent-key value-2 1740590197413869000 1740590197 1896716690 0
PUT concurrent-key value-7 1740590197413875000 1740590197 1574506057 0
PUT concurrent-key value-4 1740590197413869000 1740590197 479639684 0
PUT concurrent-key value-0 1740590197413884000 1740590197 3575191761 0
PUT concurrent-key value-1 1740590197413888000 1740590197 1690201978 0
PUT concurrent-key value-8 1740590197413889000 1740590197 3464016638 0
PUT concurrent-key value-6 1740590197413894000 1740590197 2594710884 0
PUT concurrent-key value-5 1740590197413904000 1740590197 4221352424 0
PUT concurrent-key value-3 1740590197413897000 1740590197 4117271227 0
PUT key-0 value-0 1740590197414462000 1740590197 820114781 0
PUT key-1 value-1 1740590197414503000 1740590197 1962189632 0
PUT key-2 value-2 1740590197414546000 1740590197 4035533278 0
PUT key-3 value-3 1740590197414577000 1740590197 1829327276 0
PUT key-4 value-4 1740590197414605000 1740590197 1686461541 0
PUT sync-key sync-value 1740590197415463000 1740590197 1100617414 0
PUT sync-key new-value 1740590197415495000 1740590197 1897587497 0
PUT test-key test-value 1740590238816254000 1740590238 1116107902 0
PUT quorum-key quorum-value 1740590238818818000 1740590238 37357146 0
PUT concurrent-key value-9 1740590238820776000 1740590238 3316241935 0
PUT concurrent-key value-8 1740590238820785000 1740590238 1432020091 0
PUT concurrent-key value-4 1740590238820813000 1740590238 3127157239 0
PUT concurrent-key value-0 1740590238820833000 1740590238 3586424953 0
PUT concurrent-key value-1 1740590238820849000 1740590238 3785352733 0
PUT concurrent-key value-2 1740590238820870000 1740590238 872811931 0
PUT concurrent-key value-5 1740590238820892000 1740590238 1590762996 0
PUT concurrent-key value-3 1740590238820913000 1740590238 3574549268 0
PUT concurrent-key value-6 1740590238820923000 1740590238 1500641906 0
PUT concurrent-key value-7 1740590238820940000 1740590238 2383850876 0
PUT key-0 value-0 1740590238822068000 1740590238 3947768248 0
PUT key-1 value-1 1740590238822111000 1740590238 690773909 0
PUT key-2 value-2 1740590238822155000 1740590238 2674058874 0
PUT key-3 value-3 1740590238822222000 1740590238 4049531375 0
PUT key-4 value-4 1740590238822256000 1740590238 3158260015 0
PUT sync-key sync-value 1740590238823422000 1740590238 2409425936 0
PUT sync-key new-value 1740590238823467000 1740590238 133130656 0
PUT test-key test-value 0 1740590544 1887920443 0
PUT quorum-key quorum-value 0 1740590544 2706332623 0
PUT concurrent-key value-4 1740590544147872000 1740590544 2293692112 0
PUT concurrent-key value-5 1740590544147903000 1740590544 1067893608 0
PUT concurrent-key value-6 1740590544147871000 1740590544 1043597438 0
PUT concurrent-key value-3 1740590544147741000 1740590544 1630031291 0
PUT concurrent-key value-7 1740590544147887000 1740590544 3376308783 0
PUT concurrent-key value-1 1740590544147855000 1740590544 3832936400 0
PUT concurrent-key value-8 1740590544147896000 1740590544 1972390551 0
PUT concurrent-key value-2 1740590544147805000 1740590544 1931198985 0
PUT concurrent-key value-0 1740590544147811000 1740590544 2165654046 0
PUT concurrent-key value-9 1740590544147736000 1740590544 1015228881 0
PUT key-0 value-0 0 1740590544 2062914279 0
PUT key-1 value-1 0 1740590544 2853649725 0
PUT key-2 value-2 0 1740590544 2968997247 0
PUT key-3 value-3 0 1740590544 735428185 0
PUT key-4 value-4 0 1740590544 2822522911 0
PUT sync-key sync-value 0 1740590544 585113671 0
PUT sync-key new-value 0 1740590544 3770558128 0
PUT test-key test-value 0 1740591056 612527209 0
PUT test-key test-value 0 1740592788 4067186532 0
PUT test-key test-value 1740592846373713000 1740592846 2467617834 0
PUT quorum-key quorum-value 1740592846377641000 1740592846 44813298 0
PUT concurrent-key value-1 1740592846380378000 1740592846 1242093110 0
PUT concurrent-key value-9 1740592846380378000 1740592846 408931614 0
PUT concurrent-key value-3 1740592846380485000 1740592846 1004322136 0
PUT concurrent-key value-2 1740592846380502000 1740592846 1207751909 0
PUT concurrent-key value-4 1740592846380543000 1740592846 1864328347 0
PUT concurrent-key value-8 1740592846380563000 1740592846 768077901 0
PUT concurrent-key value-5 1740592846380485000 1740592846 998224706 0
PUT concurrent-key value-6 1740592846380605000 1740592846 1211945874 0
PUT concurrent-key value-7 1740592846380630000 1740592846 2998977808 0
PUT concurrent-key value-0 1740592846380650000 1740592846 3788297796 0
PUT key-0 value-0 1740592846381435000 1740592846 3558154061 0
PUT key-1 value-1 1740592846381484000 1740592846 1326468179 0
PUT key-2 value-2 1740592846381540000 1740592846 2741405225 0
PUT key-3 value-3 1740592846381580000 1740592846 3938057255 0
PUT key-4 value-4 1740592846381609000 1740592846 3619099536 0
PUT sync-key sync-value 1740592846383202000 1740592846 2366009834 0
PUT sync-key new-value 1740592846383261000 1740592846 1055273699 0
PUT test-key test-value 1740593247264861000 1740593247 1767864620 0
PUT quorum-key quorum-value 1740593247267962000 1740593247 566732270 0
PUT concurrent-key value-3 1740593248774579000 1740593248 3485187397 0
PUT concurrent-key value-0 1740593248774617000 1740593248 2894225831 0
PUT concurrent-key value-7 1740593248774670000 1740593248 137023898 0
PUT concurrent-key value-4 1740593248774722000 1740593248 499015527 0
PUT concurrent-key value-9 1740593248774763000 1740593248 1897423244 0
PUT concurrent-key value-6 1740593248774813000 1740593248 4248114568 0
PUT concurrent-key value-5 1740593248774859000 1740593248 413945039 0
PUT concurrent-key value-8 1740593248775042000 1740593248 2672942881 0
PUT concurrent-key value-1 1740593248775088000 1740593248 1982934167 0
PUT concurrent-key value-2 1740593248775126000 1740593248 3494516781 0
PUT key-0 value-0 1740593248777664000 1740593248 836301127 0
PUT key-1 value-1 1740593248777770000 1740593248 2917204125 0
PUT key-2 value-2 1740593248777837000 1740593248 3624893455 0
PUT key-3 value-3 1740593248777907000 1740593248 989492600 0
PUT key-4 value-4 1740593248777975000 1740593248 106347312 0
PUT sync-key sync-value 1740593248781225000 1740593248 2941243981 0
PUT sync-key new-value 1740593248781408000 1740593248 1594366716 0
PUT test-key test-value 0 1740594291 3378318415 0
PUT test-key test-value 1740598504278932000 1740598504 1721562543 0
PUT quorum-key quorum-value 1740598504281309000 1740598504 1818629594 0
PUT concurrent-key value-8 1740598506295181000 1740598506 542154099 0
PUT concurrent-key value-6 1740598506295197000 1740598506 517848286 0
PUT concurrent-key value-0 1740598506295237000 1740598506 1036856019 0
PUT concurrent-key value-1 1740598506295262000 1740598506 2367073134 0
PUT concurrent-key value-9 1740598506295181000 1740598506 4134758808 0
PUT concurrent-key value-4 1740598506295306000 1740598506 3165922916 0
PUT concurrent-key value-5 1740598506295370000 1740598506 3408935690 0
PUT concurrent-key value-2 1740598506295746000 1740598506 3109149129 0
PUT concurrent-key value-3 1740598506296013000 1740598506 2478443619 0
PUT concurrent-key value-7 1740598506296110000 1740598506 2687241685 0
PUT key-0 value-0 1740598506297641000 1740598506 2720425408 0
PUT key-1 value-1 1740598506297818000 1740598506 2742611571 0
PUT key-2 value-2 1740598506297926000 1740598506 448067097 0
PUT key-3 value-3 1740598506298045000 1740598506 1601454262 0
PUT key-4 value-4 1740598506298139000 1740598506 2472672928 0
PUT sync-key sync-value 1740598506301804000 1740598506 1212993988 0
PUT sync-key new-value 1740598506301955000 1740598506 2903941334 0
PUT test-key test-value 1740599167190904000 1740599167 672149999 0
PUT quorum-key quorum-value 1740599167193968000 1740599167 3373003636 0
PUT concurrent-key value-9 1740599169200075000 1740599169 2731095092 0
PUT concurrent-key value-4 1740599169200090000 1740599169 3232999408 0
PUT concurrent-key value-8 1740599169200105000 1740599169 3843116678 0
PUT concurrent-key value-0 1740599169200119000 1740599169 92229940 0
PUT concurrent-key value-6 1740599169200078000 1740599169 1887299965 0
PUT concurrent-key value-7 1740599169200176000 1740599169 2979073471 0
PUT concurrent-key value-2 1740599169200184000 1740599169 177218585 0
PUT concurrent-key value-5 1740599169200221000 1740599169 4212792229 0
PUT concurrent-key value-1 1740599169200284000 1740599169 3791802244 0
PUT concurrent-key value-3 1740599169200587000 1740599169 1142461702 0
PUT key-0 value-0 1740599169202747000 1740599169 71785189 0
PUT key-1 value-1 1740599169202956000 1740599169 2708734592 0
PUT key-2 value-2 1740599169203086000 1740599169 727001292 0
PUT key-3 value-3 1740599169203180000 1740599169 1410041235 0
PUT key-4 value-4 1740599169203274000 1740599169 4184887542 0
PUT sync-key sync-value 1740599169207651000 1740599169 1918779750 0
PUT sync-key new-value 1740599169207763000 1740599169 17069101 0
PUT test-key test-value 1740599270316324000 1740599270 1191033026 0
PUT quorum-key quorum-value 1740599270319846000 1740599270 3527713327 0
PUT concurrent-key value-9 1740599272325263000 1740599272 33860904 0
PUT concurrent-key value-5 1740599272325372000 1740599272 2933147241 0
PUT concurrent-key value-8 1740599272325482000 1740599272 4247143554 0
PUT key-0 value-0 1740599272328750000 1740599272 843620778 0
PUT sync-key sync-value 1740599272331465000 1740599272 3987825661 0
PUT sync-key new-value 1740599272331860000 1740599272 1125631569 0
PUT test-key test-value 1740599337031063000 1740599337 3580215301 0
PUT quorum-key quorum-value 1740599337034244000 1740599337 3575361179 0
PUT concurrent-key value-0 1740599337036660000 1740599337 1784030157 0
PUT concurrent-key value-4 1740599337036700000 1740599337 751484024 0
PUT key-0 value-0 1740599337038971000 1740599337 1894001899 0
PUT sync-key sync-value 1740599337040442000 1740599337 645436427 0
PUT sync-key new-value 1740599337040688000 1740599337 346615801 0
PUT test-key test-value 1740601469025196000 1740601469 2368342063 0
PUT quorum-key quorum-value 1740601469029455000 1740601469 2469668816 0
PUT concurrent-key value-9 1740601471033868000 1740601471 2289796325 0
PUT concurrent-key value-0 1740601471033875000 1740601471 979318961 0
PUT concurrent-key value-6 1740601471033881000 1740601471 1850863572 0
PUT concurrent-key value-5 1740601471033868000 1740601471 1393510297 0
PUT concurrent-key value-4 1740601471033903000 1740601471 702538080 0
PUT concurrent-key value-1 1740601471033948000 1740601471 4114242078 0
PUT concurrent-key value-2 1740601471033963000 1740601471 2445768169 0
PUT concurrent-key value-7 1740601471034022000 1740601471 1447720820 0
PUT concurrent-key value-3 1740601471034052000 1740601471 706744789 0
PUT concurrent-key value-8 1740601471034077000 1740601471 1282835803 0
PUT key-0 value-0 1740601471035642000 1740601471 152433899 0
PUT key-1 value-1 1740601471035771000 1740601471 3844866707 0
PUT key-2 value-2 1740601471035887000 1740601471 2031930995 0
PUT key-3 value-3 1740601471035971000 1740601471 930005595 0
PUT key-4 value-4 1740601471036051000 1740601471 2061253603 0
PUT sync-key sync-value 1740601471040485000 1740601471 393439430 0
PUT sync-key new-value 1740601471040553000 1740601471 1027617697 0
PUT test-key test-value 1740601550939730000 1740601550 3185036383 0
PUT quorum-key quorum-value 1740601550942167000 1740601550 293684009 0
PUT concurrent-key value-4 1740601552947711000 1740601552 3290949443 0
PUT concurrent-key value-6 1740601552947719000 1740601552 1896376730 0
PUT concurrent-key value-8 1740601552947739000 1740601552 1693362346 0
PUT concurrent-key value-2 1740601552947748000 1740601552 910230973 0
PUT concurrent-key value-0 1740601552947750000 1740601552 1008319143 0
PUT concurrent-key value-5 1740601552947766000 1740601552 2102289822 0
PUT concurrent-key value-9 1740601552947781000 1740601552 3977252004 0
PUT concurrent-key value-7 1740601552947767000 1740601552 646069348 0
PUT concurrent-key value-3 1740601552947769000 1740601552 1815689168 0
PUT concurrent-key value-1 1740601552947940000 1740601552 3409554525 0
PUT key-0 value-0 1740601552949674000 1740601552 3801715351 0
PUT key-1 value-1 1740601552949768000 1740601552 2581526307 0
PUT key-2 value-2 1740601552949844000 1740601552 3926606693 0
PUT key-3 value-3 1740601552949912000 1740601552 2696681935 0
PUT key-4 value-4 1740601552949997000 1740601552 4170472566 0
PUT sync-key sync-value 1740601552952997000 1740601552 1940040761 0
PUT sync-key new-value 1740601552953050000 1740601552 256972340 0
PUT test-key test-value 1740601582875202000 1740601582 215356861 0
PUT quorum-key quorum-value 1740601582877752000 1740601582 3187915855 0
PUT concurrent-key value-4 1740601584883349000 1740601584 680719698 0
PUT concurrent-key value-5 1740601584883361000 1740601584 1571388755 0
PUT concurrent-key value-0 1740601584883364000 1740601584 978262156 0
PUT concurrent-key value-3 1740601584883405000 1740601584 2251232054 0
PUT concurrent-key value-9 1740601584883349000 1740601584 4242770233 0
PUT concurrent-key value-6 1740601584883437000 1740601584 22372748 0
PUT concurrent-key value-7 1740601584883469000 1740601584 2875953293 0
PUT concurrent-key value-1 1740601584883532000 1740601584 2138300442 0
PUT concurrent-key value-8 1740601584883543000 1740601584 834249582 0
PUT concurrent-key value-2 1740601584883692000 1740601584 4251469512 0
PUT key-0 value-0 1740601584885945000 1740601584 2702917748 0
PUT key-1 value-1 1740601584886048000 1740601584 1274645223 0
PUT key-2 value-2 1740601584886128000 1740601584 3504863028 0
PUT key-3 value-3 1740601584886197000 1740601584 4077057251 0
PUT key-4 value-4 1740601584886265000 1740601584 550897375 0
PUT sync-key sync-value 1740601584888020000 1740601584 4051549854 0
PUT sync-key new-value 1740601584888067000 1740601584 1280039183 0
PUT test-key test-value 1740601600657369000 1740601600 3548034813 0
PUT quorum-key quorum-value 1740601600659751000 1740601600 824692861 0
PUT concurrent-key value-4 1740601602665096000 1740601602 3615948360 0
PUT concurrent-key value-9 1740601602665111000 1740601602 1460448493 0
PUT concurrent-key value-0 1740601602665121000 1740601602 4049710699 0
PUT concurrent-key value-5 1740601602665098000 1740601602 2893245955 0
PUT concurrent-key value-7 1740601602665238000 1740601602 3177049101 0
PUT concurrent-key value-3 1740601602665364000 1740601602 3179003196 0
PUT concurrent-key value-8 1740601602665398000 1740601602 2048540521 0
PUT concurrent-key value-1 1740601602665460000 1740601602 243988554 0
PUT concurrent-key value-6 1740601602665523000 1740601602 1927297044 0
PUT concurrent-key value-2 1740601602665580000 1740601602 3598248097 0
PUT key-0 value-0 1740601602671709000 1740601602 2728951664 0
PUT key-1 value-1 1740601602671764000 1740601602 2403683811 0
PUT key-2 value-2 1740601602671791000 1740601602 936397177 0
PUT key-3 value-3 1740601602671821000 1740601602 2401124980 0
PUT key-4 value-4 1740601602671860000 1740601602 1307951404 0
PUT sync-key sync-value 1740601602674378000 1740601602 985747370 0
PUT sync-key new-value 1740601602674475000 1740601602 2890354849 0
PUT test-key test-value 1740602618618634000 1740602618 1761412511 0
PUT quorum-key quorum-value 1740602618621405000 1740602618 1907065481 0
PUT concurrent-key value-9 1740602620626167000 1740602620 4286036953 0
PUT concurrent-key value-1 1740602620626185000 1740602620 390538458 0
PUT concurrent-key value-0 1740602620626247000 1740602620 3536969858 0
PUT concurrent-key value-4 1740602620626270000 1740602620 3049733496 0
PUT concurrent-key value-8 1740602620626279000 1740602620 2935919410 0
PUT concurrent-key value-6 1740602620626362000 1740602620 837825873 0
PUT concurrent-key value-3 1740602620626406000 1740602620 3385380701 0
PUT concurrent-key value-5 1740602620626461000 1740602620 3224010540 0
PUT concurrent-key value-2 1740602620626560000 1740602620 3716217370 0
PUT concurrent-key value-7 1740602620626932000 1740602620 1447698678 0
PUT key-0 value-0 1740602620629883000 1740602620 2796480340 0
PUT key-1 value-1 1740602620630000000 1740602620 3211025988 0
PUT key-2 value-2 1740602620630084000 1740602620 3883739660 0
PUT key-3 value-3 1740602620630171000 1740602620 2273952239 0
PUT key-4 value-4 1740602620630259000 1740602620 4011771382 0
PUT sync-key sync-value 1740602620632355000 1740602620 1551200963 0
PUT sync-key new-value 1740602620632432000 1740602620 4018454504 0
PUT test-key test-value 1740602669851674000 1740602669 4134624195 0
PUT quorum-key quorum-value 1740602669854401000 1740602669 2406519926 0
PUT concurrent-key value-3 1740602671862036000 1740602671 975934282 0
PUT concurrent-key value-9 1740602671862085000 1740602671 612143624 0
PUT concurrent-key value-5 1740602671862128000 1740602671 1371358245 0
PUT concurrent-key value-6 1740602671862129000 1740602671 1204118040 0
PUT concurrent-key value-1 1740602671862154000 1740602671 625710127 0
PUT concurrent-key value-2 1740602671862173000 1740602671 2881475480 0
PUT concurrent-key value-0 1740602671862175000 1740602671 612560806 0
PUT concurrent-key value-8 1740602671862188000 1740602671 2679417091 0
PUT concurrent-key value-4 1740602671862195000 1740602671 1504198091 0
PUT concurrent-key value-7 1740602671862211000 1740602671 2892695104 0
PUT key-0 value-0 1740602671864896000 1740602671 2089868892 0
PUT key-1 value-1 1740602671864969000 1740602671 1787973284 0
PUT key-2 value-2 1740602671865033000 1740602671 3420904805 0
PUT key-3 value-3 1740602671865072000 1740602671 2276678952 0
PUT key-4 value-4 1740602671865109000 1740602671 3894945873 0
PUT sync-key sync-value 1740602671867234000 1740602671 3313327452 0
PUT sync-key new-value 1740602671867292000 1740602671 358870688 0
